<?xml version="1.0" encoding="UTF-8"?>
<!-- Generated by org.testng.reporters.JUnitReportReporter -->
<testsuite hostname="CISPL-IO-568" failures="1" tests="5" name="runners.TestRunner" time="27.315" errors="0" timestamp="2025-09-02T17:44:14 IST" skipped="0">
  <testcase classname="runners.TestRunner" name="runScenario" time="5.559"/>
  <testcase classname="runners.TestRunner" name="runScenario" time="5.865"/>
  <testcase classname="runners.TestRunner" name="runScenario" time="5.718"/>
  <testcase classname="runners.TestRunner" name="runScenario" time="7.679"/>
  <testcase classname="runners.TestRunner" name="runScenario" time="2.494">
    <failure message="expected [true] but found [false]" type="java.lang.AssertionError">
      <![CDATA[java.lang.AssertionError: expected [true] but found [false]
at org.testng.Assert.fail(Assert.java:111)
at org.testng.Assert.failNotEquals(Assert.java:1590)
at org.testng.Assert.assertTrue(Assert.java:57)
at org.testng.Assert.assertTrue(Assert.java:67)
at stepDefinitions.AddToCartSteps.userDoesNothing(AddToCartSteps.java:38)
at âœ½.user does nothing(file:///C:/Users/arghy/eclipse-workspace/Automation-One/src/test/java/Features/addToCart.feature:19)
]]>
    </failure>
  </testcase> <!-- runScenario -->
</testsuite> <!-- runners.TestRunner -->
